<?xml version="1.0" encoding="UTF-8"?>
<!-- Generated by org.testng.reporters.JUnitXMLReporter -->
<testsuite ignored="0" hostname="DESKTOP-UM2MPT8" failures="0" tests="7" name="FitnessAppTest" time="29.02" errors="0" timestamp="2023-09-09T15:17:28 IST">
  <testcase classname="HomePageTest" name="HomepageHeading" time="1.073"/>
  <testcase classname="HomePageTest" name="LogoutFunctionality" time="1.056"/>
  <testcase classname="LoginPageTest" name="emptyInputFields" time="0.641"/>
  <testcase classname="LoginPageTest" name="emptyUserIDField" time="0.94"/>
  <testcase classname="LoginPageTest" name="emptyPINField" time="0.994"/>
  <testcase classname="LoginPageTest" name="invalidPIN" time="1.073"/>
  <testcase classname="LoginPageTest" name="successfulLogin" time="1.01"/>
</testsuite> <!-- FitnessAppTest -->
